<?xml version="1.0" encoding="UTF-8"?>
<!-- Generated by org.testng.reporters.JUnitReportReporter -->
<testsuite hostname="LAPTOP-AQOT1BNJ" failures="0" tests="3" name="Grouping.grouping" time="0.020" errors="0" timestamp="2023-08-22T15:58:40 IST" skipped="0">
  <testcase classname="Grouping.grouping" name="signupByEmail" time="0.012"/>
  <system-out/>
  <testcase classname="Grouping.grouping" name="paymentInRupees" time="0.002"/>
  <system-out/>
  <testcase classname="Grouping.grouping" name="loginByEmail" time="0.006"/>
  <system-out/>
</testsuite> <!-- Grouping.grouping -->
