<?xml version="1.0" encoding="UTF-8"?>
<!-- Generated by org.testng.reporters.JUnitReportReporter -->
<testsuite hostname="LAPTOP-AQOT1BNJ" failures="0" tests="3" name="TestNG.TestNG_1" time="12.224" errors="0" timestamp="2023-07-16T15:37:00 IST" skipped="0">
  <testcase classname="TestNG.TestNG_1" name="openapp" time="11.025"/>
  <system-out/>
  <testcase classname="TestNG.TestNG_1" name="login" time="1.019"/>
  <system-out/>
  <testcase classname="TestNG.TestNG_1" name="logout" time="0.180"/>
  <system-out/>
</testsuite> <!-- TestNG.TestNG_1 -->
