<?xml version="1.0" encoding="UTF-8"?>
<!-- Generated by org.testng.reporters.JUnitReportReporter -->
<testsuite hostname="LAPTOP-AQOT1BNJ" failures="0" tests="2" name="TestNG_TestLevel.Annotation_TestLevel" time="0.005" errors="0" timestamp="2023-07-24T11:02:38 IST" skipped="0">
  <testcase classname="TestNG_TestLevel.Annotation_TestLevel" name="abc" time="0.001"/>
  <system-out/>
  <testcase classname="TestNG_TestLevel.Annotation_TestLevel" name="abc" time="0.004"/>
  <system-out/>
</testsuite> <!-- TestNG_TestLevel.Annotation_TestLevel -->
