<?xml version="1.0" encoding="UTF-8"?>
<!-- Generated by org.testng.reporters.JUnitReportReporter -->
<testsuite hostname="LAPTOP-AQOT1BNJ" failures="0" tests="2" name="TestNG.Annotations_Demo1" time="0.040" errors="0" timestamp="2023-07-17T12:45:21 IST" skipped="0">
  <testcase classname="TestNG.Annotations_Demo1" name="search" time="0.032"/>
  <system-out/>
  <testcase classname="TestNG.Annotations_Demo1" name="Advancedsearch" time="0.008"/>
  <system-out/>
</testsuite> <!-- TestNG.Annotations_Demo1 -->
