<?xml version="1.0" encoding="UTF-8"?>
<!-- Generated by org.testng.reporters.JUnitReportReporter -->
<testsuite hostname="LAPTOP-AQOT1BNJ" failures="0" tests="1" name="TestNG_suiteLevel.Annotation_SuiteLevel" time="0.006" errors="0" timestamp="2023-08-23T09:48:55 IST" skipped="0">
  <testcase classname="TestNG_suiteLevel.Annotation_SuiteLevel" name="abc" time="0.006"/>
  <system-out/>
</testsuite> <!-- TestNG_suiteLevel.Annotation_SuiteLevel -->
