<?xml version="1.0" encoding="UTF-8"?>
<!-- Generated by org.testng.reporters.JUnitReportReporter -->
<testsuite hostname="LAPTOP-AQOT1BNJ" failures="0" tests="1" name="TNG_DataProvider.dataProvider" time="2.871" errors="0" timestamp="2023-07-25T13:05:34 IST" skipped="0">
  <testcase classname="TNG_DataProvider.dataProvider" name="testLogin" time="2.871"/>
  <system-out/>
</testsuite> <!-- TNG_DataProvider.dataProvider -->
