<?xml version="1.0" encoding="UTF-8"?>
<!-- Generated by org.testng.reporters.JUnitReportReporter -->
<testsuite hostname="LAPTOP-AQOT1BNJ" failures="0" tests="2" name="TestNG.Annotations_ClassLevel" time="0.011" errors="0" timestamp="2023-07-24T17:29:44 IST" skipped="0">
  <testcase classname="TestNG.Annotations_ClassLevel" name="search" time="0.009"/>
  <system-out/>
  <testcase classname="TestNG.Annotations_ClassLevel" name="Advancedsearch" time="0.002"/>
  <system-out/>
</testsuite> <!-- TestNG.Annotations_ClassLevel -->
