<?xml version="1.0" encoding="UTF-8"?>
<!-- Generated by org.testng.reporters.JUnitReportReporter -->
<testsuite hostname="LAPTOP-AQOT1BNJ" failures="0" tests="1" name="TestNG_suiteLevel.Annotation_Suitelevel1" time="0.013" errors="0" timestamp="2023-08-23T09:50:14 IST" skipped="0">
  <testcase classname="TestNG_suiteLevel.Annotation_Suitelevel1" name="csk" time="0.013"/>
  <system-out/>
</testsuite> <!-- TestNG_suiteLevel.Annotation_Suitelevel1 -->
