<?xml version="1.0" encoding="UTF-8"?>
<!-- Generated by org.testng.reporters.JUnitReportReporter -->
<testsuite hostname="LAPTOP-AQOT1BNJ" failures="0" tests="2" name="TestNG_All_Annotations.Annotation_AllLevels" time="0.009" errors="0" timestamp="2023-08-23T09:43:22 IST" skipped="0">
  <testcase classname="TestNG_All_Annotations.Annotation_AllLevels" name="search" time="0.007"/>
  <system-out/>
  <testcase classname="TestNG_All_Annotations.Annotation_AllLevels" name="Advancedsearch" time="0.002"/>
  <system-out/>
</testsuite> <!-- TestNG_All_Annotations.Annotation_AllLevels -->
