<?xml version="1.0" encoding="UTF-8"?>
<!-- Generated by org.testng.reporters.JUnitReportReporter -->
<testsuite hostname="LAPTOP-AQOT1BNJ" failures="0" tests="4" name="TestNG_TestLevel.Annoatation_TestLevel1" time="0.002" errors="0" timestamp="2023-07-24T11:02:38 IST" skipped="0">
  <testcase classname="TestNG_TestLevel.Annoatation_TestLevel1" name="xyz" time="0.001"/>
  <system-out/>
  <testcase classname="TestNG_TestLevel.Annoatation_TestLevel1" name="xyz" time="0.000"/>
  <system-out/>
  <testcase classname="TestNG_TestLevel.Annoatation_TestLevel1" name="csk" time="0.000"/>
  <system-out/>
  <testcase classname="TestNG_TestLevel.Annoatation_TestLevel1" name="csk" time="0.001"/>
  <system-out/>
</testsuite> <!-- TestNG_TestLevel.Annoatation_TestLevel1 -->
