<?xml version="1.0" encoding="UTF-8"?>
<!-- Generated by org.testng.reporters.JUnitReportReporter -->
<testsuite hostname="LAPTOP-AQOT1BNJ" failures="0" tests="2" name="TestNG.Annotations_Methodlevel" time="0.027" errors="0" timestamp="2023-07-17T15:17:52 IST" skipped="0">
  <testcase classname="TestNG.Annotations_Methodlevel" name="search" time="0.025"/>
  <system-out/>
  <testcase classname="TestNG.Annotations_Methodlevel" name="Advancedsearch" time="0.002"/>
  <system-out/>
</testsuite> <!-- TestNG.Annotations_Methodlevel -->
